p/objeto_35.jpg 1 0 0 38 46
p/objeto_34.jpg 1 0 0 38 46
p/objeto_33.jpg 1 0 0 38 46
p/objeto_32.jpg 1 0 0 38 46
p/objeto_31.jpg 1 0 0 38 46
p/objeto_30.jpg 1 0 0 38 46
p/objeto_29.jpg 1 0 0 38 46
p/objeto_28.jpg 1 0 0 38 46
p/objeto_27.jpg 1 0 0 38 46
p/objeto_26.jpg 1 0 0 38 46
p/objeto_25.jpg 1 0 0 38 46
p/objeto_24.jpg 1 0 0 38 46
p/objeto_23.jpg 1 0 0 38 46
p/objeto_22.jpg 1 0 0 38 46
p/objeto_21.jpg 1 0 0 38 46
p/objeto_20.jpg 1 0 0 38 46
p/objeto_19.jpg 1 0 0 38 46
p/objeto_18.jpg 1 0 0 38 46
p/objeto_17.jpg 1 0 0 38 46
p/objeto_16.jpg 1 0 0 38 46
p/objeto_15.jpg 1 0 0 38 46
p/objeto_14.jpg 1 0 0 38 46
p/objeto_13.jpg 1 0 0 38 46
p/objeto_12.jpg 1 0 0 38 46
p/objeto_11.jpg 1 0 0 38 46
p/objeto_10.jpg 1 0 0 38 46
p/objeto_9.jpg 1 0 0 38 46
p/objeto_8.jpg 1 0 0 38 46
p/objeto_7.jpg 1 0 0 38 46
p/objeto_6.jpg 1 0 0 38 46
p/objeto_5.jpg 1 0 0 38 46
p/objeto_4.jpg 1 0 0 38 46
p/objeto_3.jpg 1 0 0 38 46
p/objeto_2.jpg 1 0 0 38 46
p/objeto_1.jpg 1 0 0 38 46
p/objeto_0.jpg 1 0 0 38 46